2024-05-26 20:36:56.951514: Alta Decorador de: AAAAAAAAA, con DNI: 22384765 y tiempo de: 06:23
2024-05-26 20:40:01.508368: Alta Decorador de: qwd, con DNI: 21434324 y tiempo de: 33:33
2024-05-26 20:45:52.249783: Alta Decorador de: qwd, con DNI: 75983222 y tiempo de: 32:00
2024-05-26 20:51:33.657360: Alta Decorador de: qwd, con DNI: 88765253 y tiempo de: 12:12
2024-05-26 20:52:11.209519: Alta Decorador de: qwd qdw, con DNI: 21384763 y tiempo de: 12:23
2024-05-26 21:05:27.701155: Alta Decorador de: wqwd qwd, con DNI: 938372983 y tiempo de: 12:20
2024-05-26 21:05:37.139162: Alta Decorador de: wqwd qwd, con DNI: 98876384 y tiempo de: 12:20
2024-05-26 21:12:04.529017: Baja Decorador de: qwd, con DNI: 21434324 y tiempo de: 33:33
2024-05-26 21:13:12.648036: Baja Decorador de: AAAAAAAAA, con DNI: 22384765 y tiempo de: 06:23
2024-05-26 21:13:59.760802: Modificacion Decorador de: qwdwqd, con DNI: 75983222 y nuevo tiempo: 32:00
2024-05-26 21:14:11.018790: Modificacion Decorador de: qwdwqdrre, con DNI: 75983222 y nuevo tiempo: 32:00
2024-05-26 21:14:16.469968: Baja Decorador de: qwd qdw, con DNI: 21384763 y tiempo de: 12:23
2024-05-26 21:18:20.369735: Alta Decorador de: qwd, con DNI: 3388772 y tiempo de: 12:12
2024-05-26 21:18:25.389139: Modificacion Decorador de: qwdwqdrreqwd, con DNI: 75983222 y nuevo tiempo: 32:00
2024-05-26 21:18:30.871009: Baja Decorador de: qwe, con DNI: 31223444 y tiempo de: 12:20
2024-05-26 21:19:53.160995: Baja Decorador de: qwd, con DNI: 88765253 y tiempo de: 12:12
2024-05-26 21:20:09.850431: Baja Decorador de: qwd, con DNI: 34223123 y tiempo de: 12:22
2024-05-26 21:20:30.448845: Alta Decorador de: qwed wdwq, con DNI: 12998323 y tiempo de: 12:12
2024-05-26 21:20:37.488717: Baja Decorador de: qwdwqdrreqwd, con DNI: 75983222 y tiempo de: 32:00
2024-05-27 23:44:09.860525: Alta Decorador de: qwsdw, con DNI: 31222333 y tiempo de: 12:!2
2024-05-27 23:44:17.889795: Alta Decorador de: qwsdw, con DNI: 31222333 y tiempo de: 12:12
2024-05-27 23:44:24.266008: Alta Decorador de: qwsdw, con DNI: 31222335 y tiempo de: 12:12
2024-05-27 23:44:27.972081: Baja Decorador de: qwsdw, con DNI: 31222335 y tiempo de: 12:12
2024-05-27 23:48:48.595882: Alta Decorador de: qwe, con DNI: 22333555 y tiempo de: 12:12
2024-05-27 23:48:52.697184: Baja Decorador de: qwed wdwq, con DNI: 12998323 y tiempo de: 12:12
2024-05-27 23:49:08.122537: Baja Decorador de: qwd, con DNI: 3388772 y tiempo de: 12:12
2024-05-28 00:05:20.208301: Alta Decorador de: , con DNI: DNI (números, sin puntos) y tiempo de: 
2024-05-29 23:17:42.968839: Baja Decorador de: ASD, con DNI: 33223898 y tiempo de: 44:55
2024-05-31 00:46:16.794692: Baja Decorador de: , con DNI: Números, sin puntos. y tiempo de: 
2024-05-31 00:46:19.638962: Baja Decorador de: , con DNI: Números, sin puntos. y tiempo de: 
2024-05-31 00:46:21.867102: Baja Decorador de: qwdqwdqwd, con DNI: 33847575 y tiempo de: 11:11
2024-05-31 01:10:42.687084: Alta Decorador de: Letras, sin espacios, con DNI: Números, sin puntos. y tiempo de: MM:SS
2024-05-31 01:18:51.401694: Alta Decorador de: , con DNI:  y tiempo de: 
2024-05-31 01:37:56.050072: Alta Decorador de: , con DNI:  y tiempo de: 
2024-05-31 01:39:51.086753: Alta Decorador de: , con DNI:  y tiempo de: 
2024-05-31 02:02:04.228306: Modificacion Decorador de: Letras, sin espacios, con DNI: Números, sin puntos. y nuevo tiempo: MM:SS
2024-05-31 02:02:10.808468: Modificacion Decorador de: Letras, sin espacios, con DNI: Números, sin puntos. y nuevo tiempo: MM:SS
2024-05-31 02:02:17.612761: Baja Decorador de: , con DNI:  y tiempo de: 
2024-05-31 02:34:58.333755: Modificacion Decorador de: qwd, con DNI: 33445984 y nuevo tiempo: 12:23
2024-05-31 02:35:05.128501: Modificacion Decorador de: , con DNI:  y nuevo tiempo: 
2024-05-31 02:35:10.492560: Baja Decorador de: , con DNI:  y tiempo de: 
2024-05-31 02:35:22.093826: Baja Decorador de: , con DNI:  y tiempo de: 
2024-05-31 02:35:25.032054: Baja Decorador de: , con DNI:  y tiempo de: 
2024-05-31 12:59:38.946353: Alta Decorador de: qwdqwd, con DNI: 33647829 y tiempo de: 12:12
2024-05-31 13:01:17.087580: Alta Decorador de: qwd, con DNI: qwd y tiempo de: 12:12
2024-05-31 13:01:26.199344: Alta Decorador de: qwd, con DNI: 99874367 y tiempo de: 12:12
2024-05-31 13:03:03.277740: Baja Decorador de: wqwd qwd, con DNI: 98876384 y tiempo de: 12:20
2024-05-31 13:43:47.774261: Baja Decorador de: qwdqwd, con DNI: 33647829 y tiempo de: 12:12
2024-05-31 16:39:01.495757: Modificacion Decorador de: qwdqwd, con DNI: 33647829 y nuevo tiempo: 12:13
2024-06-01 22:07:42.720802: Alta Decorador de: Letras, sin espacios, con DNI: Números, sin puntos. y tiempo de: 
2024-06-01 22:07:48.264611: Alta Decorador de: Letras, sin espacios, con DNI: Números, sin puntos. y tiempo de: 
2024-06-01 22:07:56.250012: Modificacion Decorador de: Letras, sin espacios, con DNI: Números, sin puntos. y nuevo tiempo: MM:SS
2024-06-01 22:08:01.033134: Baja Decorador de: Letras, sin espacios, con DNI: Números, sin puntos. y tiempo de: 
2024-06-01 22:08:02.658791: Baja Decorador de: Letras, sin espacios, con DNI: Números, sin puntos. y tiempo de: 
2024-06-01 22:08:05.697154: Baja Decorador de: qwdqwdqwd, con DNI: 33847575 y tiempo de: 11:11
2024-06-02 20:13:20.217849: Alta Decorador de: qwd, con DNI: 99887665 y tiempo de: 12:12
2024-06-02 20:34:42.457740: Alta Decorador de: qwd, con DNI: 31223998 y tiempo de: 12:12
2024-06-02 20:37:49.727508: Alta Decorador de: qwd, con DNI: 31224222 y tiempo de: 12:!2
2024-06-02 20:37:58.851267: Alta Decorador de: qwd, con DNI: 31224222 y tiempo de: 12:22
2024-06-02 20:44:34.498093: Alta Decorador de: Aristobulito, con DNI: 99876333 y tiempo de: 1:00
2024-06-02 20:44:39.493506: Alta Decorador de: Aristobulito, con DNI: 99876333 y tiempo de: 01:00
2024-06-02 21:44:22.146240: Modificacion Decorador de: Aristobulito, con DNI: 99876333 y nuevo tiempo: 01:00
2024-06-02 21:44:37.373168: Baja Decorador de: Aristobulito, con DNI: 99876333 y tiempo de: 01:00
2024-06-02 21:54:42.906585: Baja Decorador de: qwd, con DNI: 31224222 y tiempo de: 12:22
